<?xml version="1.0" encoding="UTF-8"?>
<testsuite failures="0" errors="0" skipped="2" tests="2" time="0.013904" name="Receive an ordered list of website">
<testcase classname="Receive an ordered list of website" name="I want websites to be ordered by most views" time="0.013561">
  <skipped/>
  <system-out>
    <![CDATA[]]>
  </system-out>
  <system-err>
    <![CDATA[]]>
  </system-err>
</testcase>
<testcase classname="Receive an ordered list of website" name="I want websites to be ordered by most unique page views" time="0.000343">
  <skipped/>
  <system-out>
    <![CDATA[]]>
  </system-out>
  <system-err>
    <![CDATA[]]>
  </system-err>
</testcase>
</testsuite>
